[2020-11-28T15:14:33.482Z][QUERY]: SELECT * FROM "information_schema"."tables" WHERE "table_schema" = current_schema() AND "table_name" = 'migrations'
[2020-11-28T15:14:33.543Z][QUERY]: CREATE TABLE "migrations" ("id" SERIAL NOT NULL, "timestamp" bigint NOT NULL, "name" character varying NOT NULL, CONSTRAINT "PK_8c82d7f526340ab734260ea46be" PRIMARY KEY ("id"))
[2020-11-28T15:14:33.611Z][QUERY]: SELECT * FROM "migrations" "migrations"  ORDER BY "id" DESC
[2020-11-28T15:14:33.617Z]0 migrations are already loaded in the database.
[2020-11-28T15:14:33.618Z]1 migrations were found in the source code.
[2020-11-28T15:14:33.618Z]1 migrations are new migrations that needs to be executed.
[2020-11-28T15:14:33.618Z][QUERY]: START TRANSACTION
[2020-11-28T15:14:33.619Z][QUERY]: SELECT * FROM "information_schema"."tables" WHERE "table_schema" = current_schema() AND "table_name" = 'user'
[2020-11-28T15:14:33.621Z][QUERY]: CREATE TABLE "user" ("id" SERIAL NOT NULL, "email" varchar NOT NULL, "username" varchar NOT NULL, "role" varchar NOT NULL, "password" varchar NOT NULL, CONSTRAINT "PK_cace4a159ff9f2512dd42373760" PRIMARY KEY ("id"))
[2020-11-28T15:14:33.636Z][QUERY]: INSERT INTO "migrations"("timestamp", "name") VALUES ($1, $2) -- PARAMETERS: [1606576397267,"UserMigration1606576397267"]
[2020-11-28T15:14:33.643Z]Migration UserMigration1606576397267 has been executed successfully.
[2020-11-28T15:14:33.644Z][QUERY]: COMMIT
[2020-11-28T15:16:34.667Z][QUERY]: SELECT * FROM "information_schema"."tables" WHERE "table_schema" = current_schema() AND "table_name" = 'migrations'
[2020-11-28T15:16:34.676Z][QUERY]: SELECT * FROM "migrations" "migrations"  ORDER BY "id" DESC
[2020-11-28T15:18:04.228Z][QUERY]: SELECT * FROM "information_schema"."tables" WHERE "table_schema" = current_schema() AND "table_name" = 'migrations'
[2020-11-28T15:18:04.240Z][QUERY]: SELECT * FROM "migrations" "migrations"  ORDER BY "id" DESC
[2020-11-28T15:18:52.953Z][QUERY]: SELECT * FROM "information_schema"."tables" WHERE "table_schema" = current_schema() AND "table_name" = 'migrations'
[2020-11-28T15:18:52.971Z][QUERY]: SELECT * FROM "migrations" "migrations"  ORDER BY "id" DESC
[2020-11-28T15:20:28.989Z][QUERY]: SELECT * FROM "information_schema"."tables" WHERE "table_schema" = current_schema() AND "table_name" = 'migrations'
[2020-11-28T15:20:28.998Z][QUERY]: SELECT * FROM "migrations" "migrations"  ORDER BY "id" DESC
[2020-11-28T15:22:26.641Z][QUERY]: SELECT * FROM "information_schema"."tables" WHERE "table_schema" = current_schema() AND "table_name" = 'migrations'
[2020-11-28T15:22:26.650Z][QUERY]: SELECT * FROM "migrations" "migrations"  ORDER BY "id" DESC
[2020-11-28T15:23:18.693Z][QUERY]: SELECT * FROM "information_schema"."tables" WHERE "table_schema" = current_schema() AND "table_name" = 'migrations'
[2020-11-28T15:23:18.704Z][QUERY]: SELECT * FROM "migrations" "migrations"  ORDER BY "id" DESC
[2020-11-28T15:30:13.526Z][QUERY]: SELECT * FROM "information_schema"."tables" WHERE "table_schema" = current_schema() AND "table_name" = 'migrations'
[2020-11-28T15:30:13.539Z][QUERY]: SELECT * FROM "migrations" "migrations"  ORDER BY "id" DESC
[2020-11-28T15:30:25.741Z][QUERY]: SELECT * FROM "information_schema"."tables" WHERE "table_schema" = current_schema() AND "table_name" = 'migrations'
[2020-11-28T15:30:25.749Z][QUERY]: SELECT * FROM "migrations" "migrations"  ORDER BY "id" DESC
[2020-11-28T15:30:30.044Z][QUERY]: SELECT * FROM "information_schema"."tables" WHERE "table_schema" = current_schema() AND "table_name" = 'migrations'
[2020-11-28T15:30:30.051Z][QUERY]: SELECT * FROM "migrations" "migrations"  ORDER BY "id" DESC
[2020-11-28T15:31:01.560Z][QUERY]: SELECT * FROM "information_schema"."tables" WHERE "table_schema" = current_schema() AND "table_name" = 'migrations'
[2020-11-28T15:31:01.568Z][QUERY]: SELECT * FROM "migrations" "migrations"  ORDER BY "id" DESC
[2020-11-28T15:33:29.781Z][QUERY]: SELECT * FROM "information_schema"."tables" WHERE "table_schema" = current_schema() AND "table_name" = 'migrations'
[2020-11-28T15:33:29.791Z][QUERY]: SELECT * FROM "migrations" "migrations"  ORDER BY "id" DESC
[2020-11-28T15:33:52.673Z][QUERY]: SELECT "User"."id" AS "User_id", "User"."email" AS "User_email", "User"."username" AS "User_username", "User"."password" AS "User_password" FROM "user" "User"
[2020-11-28T15:34:32.245Z][QUERY]: SELECT "User"."id" AS "User_id", "User"."email" AS "User_email", "User"."username" AS "User_username", "User"."password" AS "User_password" FROM "user" "User"
[2020-11-28T15:36:52.957Z][QUERY]: SELECT * FROM "information_schema"."tables" WHERE "table_schema" = current_schema() AND "table_name" = 'migrations'
[2020-11-28T15:36:52.965Z][QUERY]: SELECT * FROM "migrations" "migrations"  ORDER BY "id" DESC
[2020-11-28T15:39:26.003Z][QUERY]: SELECT * FROM "information_schema"."tables" WHERE "table_schema" = current_schema() AND "table_name" = 'migrations'
[2020-11-28T15:39:26.012Z][QUERY]: SELECT * FROM "migrations" "migrations"  ORDER BY "id" DESC
[2020-11-28T15:39:43.635Z][QUERY]: SELECT * FROM "information_schema"."tables" WHERE "table_schema" = current_schema() AND "table_name" = 'migrations'
[2020-11-28T15:39:43.678Z][QUERY]: SELECT * FROM "migrations" "migrations"  ORDER BY "id" DESC
[2020-11-28T15:41:51.784Z][QUERY]: SELECT * FROM "information_schema"."tables" WHERE "table_schema" = current_schema() AND "table_name" = 'migrations'
[2020-11-28T15:41:51.793Z][QUERY]: SELECT * FROM "migrations" "migrations"  ORDER BY "id" DESC
[2020-11-28T15:42:54.257Z][QUERY]: SELECT * FROM "information_schema"."tables" WHERE "table_schema" = current_schema() AND "table_name" = 'migrations'
[2020-11-28T15:42:54.268Z][QUERY]: SELECT * FROM "migrations" "migrations"  ORDER BY "id" DESC
[2020-11-28T15:45:29.994Z][QUERY]: SELECT * FROM "information_schema"."tables" WHERE "table_schema" = current_schema() AND "table_name" = 'migrations'
[2020-11-28T15:45:30.003Z][QUERY]: SELECT * FROM "migrations" "migrations"  ORDER BY "id" DESC
[2020-11-28T15:46:14.223Z][QUERY]: SELECT * FROM "information_schema"."tables" WHERE "table_schema" = current_schema() AND "table_name" = 'migrations'
[2020-11-28T15:46:14.230Z][QUERY]: SELECT * FROM "migrations" "migrations"  ORDER BY "id" DESC
[2020-11-28T15:47:55.522Z][QUERY]: SELECT * FROM "information_schema"."tables" WHERE "table_schema" = current_schema() AND "table_name" = 'migrations'
[2020-11-28T15:47:55.530Z][QUERY]: SELECT * FROM "migrations" "migrations"  ORDER BY "id" DESC
[2020-11-28T15:48:30.897Z][QUERY]: SELECT * FROM "information_schema"."tables" WHERE "table_schema" = current_schema() AND "table_name" = 'migrations'
[2020-11-28T15:48:30.904Z][QUERY]: SELECT * FROM "migrations" "migrations"  ORDER BY "id" DESC
[2020-11-28T15:48:52.901Z][QUERY]: SELECT * FROM "information_schema"."tables" WHERE "table_schema" = current_schema() AND "table_name" = 'migrations'
[2020-11-28T15:48:52.911Z][QUERY]: SELECT * FROM "migrations" "migrations"  ORDER BY "id" DESC
[2020-11-28T15:51:45.598Z][QUERY]: SELECT * FROM "information_schema"."tables" WHERE "table_schema" = current_schema() AND "table_name" = 'migrations'
[2020-11-28T15:51:45.611Z][QUERY]: SELECT * FROM "migrations" "migrations"  ORDER BY "id" DESC
[2020-11-28T15:55:24.440Z][QUERY]: SELECT * FROM "information_schema"."tables" WHERE "table_schema" = current_schema() AND "table_name" = 'migrations'
[2020-11-28T15:55:24.449Z][QUERY]: SELECT * FROM "migrations" "migrations"  ORDER BY "id" DESC
[2020-11-28T15:55:34.905Z][QUERY]: SELECT "User"."id" AS "User_id", "User"."email" AS "User_email", "User"."username" AS "User_username", "User"."password" AS "User_password" FROM "user" "User"
[2020-11-28T15:56:00.242Z][QUERY]: SELECT * FROM "information_schema"."tables" WHERE "table_schema" = current_schema() AND "table_name" = 'migrations'
[2020-11-28T15:56:00.252Z][QUERY]: SELECT * FROM "migrations" "migrations"  ORDER BY "id" DESC
[2020-11-28T15:56:27.210Z][QUERY]: SELECT * FROM "information_schema"."tables" WHERE "table_schema" = current_schema() AND "table_name" = 'migrations'
[2020-11-28T15:56:27.217Z][QUERY]: SELECT * FROM "migrations" "migrations"  ORDER BY "id" DESC
[2020-11-28T15:56:29.328Z][QUERY]: SELECT * FROM "information_schema"."tables" WHERE "table_schema" = current_schema() AND "table_name" = 'migrations'
[2020-11-28T15:56:29.339Z][QUERY]: SELECT * FROM "migrations" "migrations"  ORDER BY "id" DESC
[2020-11-28T15:56:32.553Z][QUERY]: SELECT * FROM "information_schema"."tables" WHERE "table_schema" = current_schema() AND "table_name" = 'migrations'
[2020-11-28T15:56:32.560Z][QUERY]: SELECT * FROM "migrations" "migrations"  ORDER BY "id" DESC
[2020-11-28T15:56:36.404Z][QUERY]: SELECT * FROM "information_schema"."tables" WHERE "table_schema" = current_schema() AND "table_name" = 'migrations'
[2020-11-28T15:56:36.414Z][QUERY]: SELECT * FROM "migrations" "migrations"  ORDER BY "id" DESC
[2020-11-28T15:56:37.725Z][QUERY]: SELECT * FROM "information_schema"."tables" WHERE "table_schema" = current_schema() AND "table_name" = 'migrations'
[2020-11-28T15:56:37.732Z][QUERY]: SELECT * FROM "migrations" "migrations"  ORDER BY "id" DESC
